<?xml version="1.0" encoding="UTF-8" ?>
<testsuite tests="12" failures="0" name="com.au.myob.payslip.main.PaySlipGeneratorTest" time="1.244" errors="2" skipped="0">
  <properties>
[...]
</properties>
  <testcase classname="com.au.myob.payslip.main.PaySlipGeneratorTest" name="testToHandleNumberFormatException" time="1.087"/>
  <testcase classname="com.au.myob.payslip.main.PaySlipGeneratorTest" name="testPaySlipGenerator_throwPayslipOutputWriterException" time="0.12"/>
  <testcase classname="com.au.myob.payslip.main.PaySlipGeneratorTest" name="testPaySlipGenerator_client" time="0.001"/>
  <testcase classname="com.au.myob.payslip.main.PaySlipGeneratorTest" name="testPrintPaySlips" time="0.002"/>
  <testcase classname="com.au.myob.payslip.main.PaySlipGeneratorTest" name="testComputeTax_nonExistingInputEmployeeAndValidTaxRules" time="0"/>
  <testcase classname="com.au.myob.payslip.main.PaySlipGeneratorTest" name="testCreateEmployeeObject_nonExistingInputCSVFile" time="0"/>
  <testcase classname="com.au.myob.payslip.main.PaySlipGeneratorTest" name="testCreateEmployeeObject_inValidInputCSVFile" time="0"/>
  <testcase classname="com.au.myob.payslip.main.PaySlipGeneratorTest" name="testPaySlipGenerator_clientWithParams" time="0.02"/>
  <testcase classname="com.au.myob.payslip.main.PaySlipGeneratorTest" name="testComputeTax_validInputEmployeeAndValidTaxRules" time="0.002">
    <error message="Error while reading Employee details from CSV file. 
Please ensure the following:

1. Input files(employees.csv &amp; taxrules.csv) and the jar file are in the path where this command is being executed.
2. The values in the CSV file are valid" type="com.au.myob.payslip.exceptions.InvalidInputDataException">com.au.myob.payslip.exceptions.InvalidInputDataException: Error while reading Employee details from CSV file. 
Please ensure the following:

1. Input files(employees.csv &amp; taxrules.csv) and the jar file are in the path where this command is being executed.
2. The values in the CSV file are valid
	at com.au.myob.payslip.main.GeneratePaySlip.readInputFile(GeneratePaySlip.java:74)
	at com.au.myob.payslip.main.PaySlipGeneratorTest.testComputeTax_validInputEmployeeAndValidTaxRules(PaySlipGeneratorTest.java:85)
	at sun.reflect.NativeMethodAccessorImpl.invoke0(Native Method)
	at sun.reflect.NativeMethodAccessorImpl.invoke(NativeMethodAccessorImpl.java:62)
	at sun.reflect.DelegatingMethodAccessorImpl.invoke(DelegatingMethodAccessorImpl.java:43)
	at java.lang.reflect.Method.invoke(Method.java:498)
	at org.junit.runners.model.FrameworkMethod$1.runReflectiveCall(FrameworkMethod.java:50)
	at org.junit.internal.runners.model.ReflectiveCallable.run(ReflectiveCallable.java:12)
	at org.junit.runners.model.FrameworkMethod.invokeExplosively(FrameworkMethod.java:47)
	at org.junit.internal.runners.statements.InvokeMethod.evaluate(InvokeMethod.java:17)
	at org.junit.runners.ParentRunner.runLeaf(ParentRunner.java:325)
	at org.junit.runners.BlockJUnit4ClassRunner.runChild(BlockJUnit4ClassRunner.java:78)
	at org.junit.runners.BlockJUnit4ClassRunner.runChild(BlockJUnit4ClassRunner.java:57)
	at org.junit.runners.ParentRunner$3.run(ParentRunner.java:290)
	at org.junit.runners.ParentRunner$1.schedule(ParentRunner.java:71)
	at org.junit.runners.ParentRunner.runChildren(ParentRunner.java:288)
	at org.junit.runners.ParentRunner.access$000(ParentRunner.java:58)
	at org.junit.runners.ParentRunner$2.evaluate(ParentRunner.java:268)
	at org.junit.runners.ParentRunner.run(ParentRunner.java:363)
	at org.apache.maven.surefire.junit4.JUnit4Provider.execute(JUnit4Provider.java:252)
	at org.apache.maven.surefire.junit4.JUnit4Provider.executeTestSet(JUnit4Provider.java:141)
	at org.apache.maven.surefire.junit4.JUnit4Provider.invoke(JUnit4Provider.java:112)
	at sun.reflect.NativeMethodAccessorImpl.invoke0(Native Method)
	at sun.reflect.NativeMethodAccessorImpl.invoke(NativeMethodAccessorImpl.java:62)
	at sun.reflect.DelegatingMethodAccessorImpl.invoke(DelegatingMethodAccessorImpl.java:43)
	at java.lang.reflect.Method.invoke(Method.java:498)
	at org.apache.maven.surefire.util.ReflectionUtils.invokeMethodWithArray(ReflectionUtils.java:189)
	at org.apache.maven.surefire.booter.ProviderFactory$ProviderProxy.invoke(ProviderFactory.java:165)
	at org.apache.maven.surefire.booter.ProviderFactory.invokeProvider(ProviderFactory.java:85)
	at org.apache.maven.surefire.booter.ForkedBooter.runSuitesInProcess(ForkedBooter.java:115)
	at org.apache.maven.surefire.booter.ForkedBooter.main(ForkedBooter.java:75)
</error>
  </testcase>
  <testcase classname="com.au.myob.payslip.main.PaySlipGeneratorTest" name="testPrintPaySlips_with_paySlipObject_asNull" time="0.011"/>
  <testcase classname="com.au.myob.payslip.main.PaySlipGeneratorTest" name="testCreateEmployeeObject_validInputCSVFile" time="0">
    <error message="Error while reading Employee details from CSV file. 
Please ensure the following:

1. Input files(employees.csv &amp; taxrules.csv) and the jar file are in the path where this command is being executed.
2. The values in the CSV file are valid" type="com.au.myob.payslip.exceptions.InvalidInputDataException">com.au.myob.payslip.exceptions.InvalidInputDataException: Error while reading Employee details from CSV file. 
Please ensure the following:

1. Input files(employees.csv &amp; taxrules.csv) and the jar file are in the path where this command is being executed.
2. The values in the CSV file are valid
	at com.au.myob.payslip.main.GeneratePaySlip.readInputFile(GeneratePaySlip.java:74)
	at com.au.myob.payslip.main.PaySlipGeneratorTest.testCreateEmployeeObject_validInputCSVFile(PaySlipGeneratorTest.java:36)
	at sun.reflect.NativeMethodAccessorImpl.invoke0(Native Method)
	at sun.reflect.NativeMethodAccessorImpl.invoke(NativeMethodAccessorImpl.java:62)
	at sun.reflect.DelegatingMethodAccessorImpl.invoke(DelegatingMethodAccessorImpl.java:43)
	at java.lang.reflect.Method.invoke(Method.java:498)
	at org.junit.runners.model.FrameworkMethod$1.runReflectiveCall(FrameworkMethod.java:50)
	at org.junit.internal.runners.model.ReflectiveCallable.run(ReflectiveCallable.java:12)
	at org.junit.runners.model.FrameworkMethod.invokeExplosively(FrameworkMethod.java:47)
	at org.junit.internal.runners.statements.InvokeMethod.evaluate(InvokeMethod.java:17)
	at org.junit.runners.ParentRunner.runLeaf(ParentRunner.java:325)
	at org.junit.runners.BlockJUnit4ClassRunner.runChild(BlockJUnit4ClassRunner.java:78)
	at org.junit.runners.BlockJUnit4ClassRunner.runChild(BlockJUnit4ClassRunner.java:57)
	at org.junit.runners.ParentRunner$3.run(ParentRunner.java:290)
	at org.junit.runners.ParentRunner$1.schedule(ParentRunner.java:71)
	at org.junit.runners.ParentRunner.runChildren(ParentRunner.java:288)
	at org.junit.runners.ParentRunner.access$000(ParentRunner.java:58)
	at org.junit.runners.ParentRunner$2.evaluate(ParentRunner.java:268)
	at org.junit.runners.ParentRunner.run(ParentRunner.java:363)
	at org.apache.maven.surefire.junit4.JUnit4Provider.execute(JUnit4Provider.java:252)
	at org.apache.maven.surefire.junit4.JUnit4Provider.executeTestSet(JUnit4Provider.java:141)
	at org.apache.maven.surefire.junit4.JUnit4Provider.invoke(JUnit4Provider.java:112)
	at sun.reflect.NativeMethodAccessorImpl.invoke0(Native Method)
	at sun.reflect.NativeMethodAccessorImpl.invoke(NativeMethodAccessorImpl.java:62)
	at sun.reflect.DelegatingMethodAccessorImpl.invoke(DelegatingMethodAccessorImpl.java:43)
	at java.lang.reflect.Method.invoke(Method.java:498)
	at org.apache.maven.surefire.util.ReflectionUtils.invokeMethodWithArray(ReflectionUtils.java:189)
	at org.apache.maven.surefire.booter.ProviderFactory$ProviderProxy.invoke(ProviderFactory.java:165)
	at org.apache.maven.surefire.booter.ProviderFactory.invokeProvider(ProviderFactory.java:85)
	at org.apache.maven.surefire.booter.ForkedBooter.runSuitesInProcess(ForkedBooter.java:115)
	at org.apache.maven.surefire.booter.ForkedBooter.main(ForkedBooter.java:75)
</error>
  </testcase>
  <testcase classname="com.au.myob.payslip.main.PaySlipGeneratorTest" name="testComputeTax_validInputEmployeeAndInValidTaxRules" time="0.001"/>
</testsuite>